2015-02-17 16:06:29.492 CP-front[2877:76386] DiskCookieStorage changing policy from 2 to 0, cookie file: file:///Users/timotheemevel/Library/Developer/CoreSimulator/Devices/99527FC7-EBBF-432A-B7D7-F45511CDD4DA/data/Containers/Data/Application/30EF2B5F-BBCC-4986-98F5-B9DB2FEFB0D1/Library/Cookies/Cookies.binarycookies
2015-02-17 16:06:30.032 CP-front[2877:76386] Apache Cordova native platform version 3.7.0 is starting.
2015-02-17 16:06:30.032 CP-front[2877:76386] Multi-tasking -> Device: YES, App: YES
2015-02-17 16:06:30.037 CP-front[2877:76386] Unlimited access to network resources
2015-02-17 16:06:30.066 CP-front[2877:76386] 

Started backup to iCloud! Please be careful.
Your application might be rejected by Apple if you store too much data.
For more information please read "iOS Data Storage Guidelines" at:
https://developer.apple.com/icloud/documentation/data-storage/
To disable web storage backup to iCloud, set the BackupWebStorage preference to "local" in the Cordova config.xml file

2015-02-17 16:06:31.651 CP-front[2877:76386] Resetting plugins due to page load.
2015-02-17 16:06:32.368 CP-front[2877:76386] Finished load of: file:///Users/timotheemevel/Library/Developer/CoreSimulator/Devices/99527FC7-EBBF-432A-B7D7-F45511CDD4DA/data/Containers/Bundle/Application/B1AECFEF-8C4F-4302-8ECD-3881ACD4C48F/CP-front.app/www/index.html
2015-02-17 16:06:32.477 CP-front[2877:76386] THREAD WARNING: ['Device'] took '15.638672' ms. Plugin should use a background thread.
2015-02-17 16:11:59.899 CP-front[3144:78603] DiskCookieStorage changing policy from 2 to 0, cookie file: file:///Users/timotheemevel/Library/Developer/CoreSimulator/Devices/99527FC7-EBBF-432A-B7D7-F45511CDD4DA/data/Containers/Data/Application/1ED86A3E-C9C8-4EC3-BEB0-E148236F9BEC/Library/Cookies/Cookies.binarycookies
2015-02-17 16:12:00.878 CP-front[3144:78603] Apache Cordova native platform version 3.7.0 is starting.
2015-02-17 16:12:00.878 CP-front[3144:78603] Multi-tasking -> Device: YES, App: YES
2015-02-17 16:12:00.879 CP-front[3144:78603] Unlimited access to network resources
2015-02-17 16:12:00.902 CP-front[3144:78603] 

Started backup to iCloud! Please be careful.
Your application might be rejected by Apple if you store too much data.
For more information please read "iOS Data Storage Guidelines" at:
https://developer.apple.com/icloud/documentation/data-storage/
To disable web storage backup to iCloud, set the BackupWebStorage preference to "local" in the Cordova config.xml file

2015-02-17 16:12:02.222 CP-front[3144:78603] Resetting plugins due to page load.
2015-02-17 16:12:02.477 CP-front[3144:78603] Finished load of: file:///Users/timotheemevel/Library/Developer/CoreSimulator/Devices/99527FC7-EBBF-432A-B7D7-F45511CDD4DA/data/Containers/Bundle/Application/392092E9-02A3-4411-9A54-918575E56FCB/CP-front.app/www/index.html
2015-02-17 16:15:27.148 Coud'Pouce[3437:80526] DiskCookieStorage changing policy from 2 to 0, cookie file: file:///Users/timotheemevel/Library/Developer/CoreSimulator/Devices/99527FC7-EBBF-432A-B7D7-F45511CDD4DA/data/Containers/Data/Application/ED1190D5-5B47-4AD0-AF0B-FBE14C7D5E79/Library/Cookies/Cookies.binarycookies
2015-02-17 16:15:27.934 Coud'Pouce[3437:80526] Apache Cordova native platform version 3.7.0 is starting.
2015-02-17 16:15:27.934 Coud'Pouce[3437:80526] Multi-tasking -> Device: YES, App: YES
2015-02-17 16:15:27.935 Coud'Pouce[3437:80526] Unlimited access to network resources
2015-02-17 16:15:27.938 Coud'Pouce[3437:80526] 

Started backup to iCloud! Please be careful.
Your application might be rejected by Apple if you store too much data.
For more information please read "iOS Data Storage Guidelines" at:
https://developer.apple.com/icloud/documentation/data-storage/
To disable web storage backup to iCloud, set the BackupWebStorage preference to "local" in the Cordova config.xml file

2015-02-17 16:15:29.398 Coud'Pouce[3437:80526] Resetting plugins due to page load.
2015-02-17 16:15:29.678 Coud'Pouce[3437:80526] Finished load of: file:///Users/timotheemevel/Library/Developer/CoreSimulator/Devices/99527FC7-EBBF-432A-B7D7-F45511CDD4DA/data/Containers/Bundle/Application/37163CED-6F38-43E3-B8CE-B560A82E7ECB/Coud'Pouce.app/www/index.html
2015-02-17 16:25:44.772 Coud'Pouce[3717:83742] DiskCookieStorage changing policy from 2 to 0, cookie file: file:///Users/timotheemevel/Library/Developer/CoreSimulator/Devices/99527FC7-EBBF-432A-B7D7-F45511CDD4DA/data/Containers/Data/Application/FB439086-FCA7-4854-A6AF-630F44D4662C/Library/Cookies/Cookies.binarycookies
2015-02-17 16:25:45.058 Coud'Pouce[3717:83742] Apache Cordova native platform version 3.7.0 is starting.
2015-02-17 16:25:45.059 Coud'Pouce[3717:83742] Multi-tasking -> Device: YES, App: YES
2015-02-17 16:25:45.060 Coud'Pouce[3717:83742] Unlimited access to network resources
2015-02-17 16:25:45.078 Coud'Pouce[3717:83742] 

Started backup to iCloud! Please be careful.
Your application might be rejected by Apple if you store too much data.
For more information please read "iOS Data Storage Guidelines" at:
https://developer.apple.com/icloud/documentation/data-storage/
To disable web storage backup to iCloud, set the BackupWebStorage preference to "local" in the Cordova config.xml file

2015-02-17 16:25:46.247 Coud'Pouce[3717:83742] Resetting plugins due to page load.
2015-02-17 16:25:46.470 Coud'Pouce[3717:83742] Finished load of: file:///Users/timotheemevel/Library/Developer/CoreSimulator/Devices/99527FC7-EBBF-432A-B7D7-F45511CDD4DA/data/Containers/Bundle/Application/AE83D846-7FA6-46C6-8C3A-3D9AFE064E7A/Coud'Pouce.app/www/index.html
2015-02-17 16:27:34.865 Coud'Pouce[3976:84740] DiskCookieStorage changing policy from 2 to 0, cookie file: file:///Users/timotheemevel/Library/Developer/CoreSimulator/Devices/99527FC7-EBBF-432A-B7D7-F45511CDD4DA/data/Containers/Data/Application/EB7A8FB6-70BE-4F87-BEEB-0EED1A41DC5F/Library/Cookies/Cookies.binarycookies
2015-02-17 16:27:34.985 Coud'Pouce[3976:84740] Apache Cordova native platform version 3.7.0 is starting.
2015-02-17 16:27:34.986 Coud'Pouce[3976:84740] Multi-tasking -> Device: YES, App: YES
2015-02-17 16:27:34.987 Coud'Pouce[3976:84740] Unlimited access to network resources
2015-02-17 16:27:34.990 Coud'Pouce[3976:84740] 

Started backup to iCloud! Please be careful.
Your application might be rejected by Apple if you store too much data.
For more information please read "iOS Data Storage Guidelines" at:
https://developer.apple.com/icloud/documentation/data-storage/
To disable web storage backup to iCloud, set the BackupWebStorage preference to "local" in the Cordova config.xml file

2015-02-17 16:27:35.287 Coud'Pouce[3976:84740] Resetting plugins due to page load.
2015-02-17 16:27:35.370 Coud'Pouce[3976:84740] Finished load of: file:///Users/timotheemevel/Library/Developer/CoreSimulator/Devices/99527FC7-EBBF-432A-B7D7-F45511CDD4DA/data/Containers/Bundle/Application/AA5F7EE9-54ED-4DFD-834B-E855F394EB0F/Coud'Pouce.app/www/index.html
2015-02-17 17:17:07.586 Coud'Pouce[4311:103037] DiskCookieStorage changing policy from 2 to 0, cookie file: file:///Users/timotheemevel/Library/Developer/CoreSimulator/Devices/99527FC7-EBBF-432A-B7D7-F45511CDD4DA/data/Containers/Data/Application/A98118FB-4F2D-4A9F-B33F-BB0E6DC6CC46/Library/Cookies/Cookies.binarycookies
2015-02-17 17:17:08.004 Coud'Pouce[4311:103037] Apache Cordova native platform version 3.7.0 is starting.
2015-02-17 17:17:08.005 Coud'Pouce[4311:103037] Multi-tasking -> Device: YES, App: YES
2015-02-17 17:17:08.006 Coud'Pouce[4311:103037] Unlimited access to network resources
2015-02-17 17:17:08.017 Coud'Pouce[4311:103037] 

Started backup to iCloud! Please be careful.
Your application might be rejected by Apple if you store too much data.
For more information please read "iOS Data Storage Guidelines" at:
https://developer.apple.com/icloud/documentation/data-storage/
To disable web storage backup to iCloud, set the BackupWebStorage preference to "local" in the Cordova config.xml file

2015-02-17 17:17:09.507 Coud'Pouce[4311:103037] Resetting plugins due to page load.
2015-02-17 17:17:10.179 Coud'Pouce[4311:103037] Finished load of: file:///Users/timotheemevel/Library/Developer/CoreSimulator/Devices/99527FC7-EBBF-432A-B7D7-F45511CDD4DA/data/Containers/Bundle/Application/F0152FE7-19C6-4115-A9D4-92912F9551F6/Coud'Pouce.app/www/index.html
2015-02-17 17:17:10.635 Coud'Pouce[4311:103037] [{"id":1,"user_id":1,"description":"Je vis dans la rue depuis maintenant 15ans et souhaite simplement quelques vêtements propres et chauds pour passer l'hiver au chaud. Je vous en serais très reconnaissant. Bonne journée à vous.","cash_demand":120,"cash_collected":0,"credits_collected":0,"url":"http://cp-back.herokuapp.com/pots/1.json"},{"id":3,"user_id":3,"description":"Melomane depuis toujours, je recherche actuellement une flûte pour me divertir et divertir les autres en ces temps de fêtes. Merci à tous pour votre aide et merci à la communauté Coud'Pouce.","cash_demand":200,"cash_collected":0,"credits_collected":0,"url":"http://cp-back.herokuapp.com/pots/3.json"},{"id":4,"user_id":4,"description":"Melomane depuis toujours, je recherche actuellement une flûte pour me divertir et divertir les autres en ces temps de fêtes. Merci à tous pour votre aide et merci à la communauté Coud'Pouce.","cash_demand":500,"cash_collected":0,"credits_collected":0,"url":"http://cp-back.herokuapp.com/pots/4.json"},{"id":5,"user_id":5,"description":"Melomane depuis toujours, je recherche actuellement une flûte pour me divertir et divertir les autres en ces temps de fêtes. Merci à tous pour votre aide et merci à la communauté Coud'Pouce.","cash_demand":300,"cash_collected":0,"credits_collected":0,"url":"http://cp-back.herokuapp.com/pots/5.json"},{"id":6,"user_id":6,"description":"Melomane depuis toujours, je recherche actuellement une flûte pour me divertir et divertir les autres en ces temps de fêtes. Merci à tous pour votre aide et merci à la communauté Coud'Pouce.","cash_demand":130,"cash_collected":0,"credits_collected":0,"url":"http://cp-back.herokuapp.com/pots/6.json"},{"id":7,"user_id":7,"description":"Melomane depuis toujours, je recherche actuellement une flûte pour me divertir et divertir les autres en ces temps de fêtes. Merci à tous pour votre aide et merci à la communauté Coud'Pouce.","cash_demand":80,"cash_collected":0,"credits_collected":0,"url":"http://cp-back.herokuapp.com/pots/7.json"},{"id":8,"user_id":8,"description":"Melomane depuis toujours, je recherche actuellement une flûte pour me divertir et divertir les autres en ces temps de fêtes. Merci à tous pour votre aide et merci à la communauté Coud'Pouce.","cash_demand":30,"cash_collected":0,"credits_collected":0,"url":"http://cp-back.herokuapp.com/pots/8.json"},{"id":9,"user_id":9,"description":"Melomane depuis toujours, je recherche actuellement une flûte pour me divertir et divertir les autres en ces temps de fêtes. Merci à tous pour votre aide et merci à la communauté Coud'Pouce.","cash_demand":75,"cash_collected":0,"credits_collected":0,"url":"http://cp-back.herokuapp.com/pots/9.json"},{"id":2,"user_id":2,"description":"Melomane depuis toujours, je recherche actuellement une flûte pour me divertir et divertir les autres en ces temps de fêtes. Merci à tous pour votre aide et merci à la communauté Coud'Pouce.","cash_demand":100,"cash_collected":15,"credits_collected":0,"url":"http://cp-back.herokuapp.com/pots/2.json"}]
2015-02-17 17:19:50.775 Coud'Pouce[4572:104439] DiskCookieStorage changing policy from 2 to 0, cookie file: file:///Users/timotheemevel/Library/Developer/CoreSimulator/Devices/99527FC7-EBBF-432A-B7D7-F45511CDD4DA/data/Containers/Data/Application/28BFC8FA-6499-4272-AAEC-6B7476FD0961/Library/Cookies/Cookies.binarycookies
2015-02-17 17:19:50.961 Coud'Pouce[4572:104439] Apache Cordova native platform version 3.7.0 is starting.
2015-02-17 17:19:50.962 Coud'Pouce[4572:104439] Multi-tasking -> Device: YES, App: YES
2015-02-17 17:19:50.963 Coud'Pouce[4572:104439] Unlimited access to network resources
2015-02-17 17:19:51.002 Coud'Pouce[4572:104439] 

Started backup to iCloud! Please be careful.
Your application might be rejected by Apple if you store too much data.
For more information please read "iOS Data Storage Guidelines" at:
https://developer.apple.com/icloud/documentation/data-storage/
To disable web storage backup to iCloud, set the BackupWebStorage preference to "local" in the Cordova config.xml file

2015-02-17 17:19:51.428 Coud'Pouce[4572:104439] Resetting plugins due to page load.
2015-02-17 17:19:51.509 Coud'Pouce[4572:104439] Finished load of: file:///Users/timotheemevel/Library/Developer/CoreSimulator/Devices/99527FC7-EBBF-432A-B7D7-F45511CDD4DA/data/Containers/Bundle/Application/4021E5CF-4C1A-4932-AAEA-CEF8395B1338/Coud'Pouce.app/www/index.html
2015-02-17 17:19:51.919 Coud'Pouce[4572:104439] [{"id":1,"user_id":1,"description":"Je vis dans la rue depuis maintenant 15ans et souhaite simplement quelques vêtements propres et chauds pour passer l'hiver au chaud. Je vous en serais très reconnaissant. Bonne journée à vous.","cash_demand":120,"cash_collected":0,"credits_collected":0,"url":"http://cp-back.herokuapp.com/pots/1.json"},{"id":3,"user_id":3,"description":"Melomane depuis toujours, je recherche actuellement une flûte pour me divertir et divertir les autres en ces temps de fêtes. Merci à tous pour votre aide et merci à la communauté Coud'Pouce.","cash_demand":200,"cash_collected":0,"credits_collected":0,"url":"http://cp-back.herokuapp.com/pots/3.json"},{"id":4,"user_id":4,"description":"Melomane depuis toujours, je recherche actuellement une flûte pour me divertir et divertir les autres en ces temps de fêtes. Merci à tous pour votre aide et merci à la communauté Coud'Pouce.","cash_demand":500,"cash_collected":0,"credits_collected":0,"url":"http://cp-back.herokuapp.com/pots/4.json"},{"id":5,"user_id":5,"description":"Melomane depuis toujours, je recherche actuellement une flûte pour me divertir et divertir les autres en ces temps de fêtes. Merci à tous pour votre aide et merci à la communauté Coud'Pouce.","cash_demand":300,"cash_collected":0,"credits_collected":0,"url":"http://cp-back.herokuapp.com/pots/5.json"},{"id":6,"user_id":6,"description":"Melomane depuis toujours, je recherche actuellement une flûte pour me divertir et divertir les autres en ces temps de fêtes. Merci à tous pour votre aide et merci à la communauté Coud'Pouce.","cash_demand":130,"cash_collected":0,"credits_collected":0,"url":"http://cp-back.herokuapp.com/pots/6.json"},{"id":7,"user_id":7,"description":"Melomane depuis toujours, je recherche actuellement une flûte pour me divertir et divertir les autres en ces temps de fêtes. Merci à tous pour votre aide et merci à la communauté Coud'Pouce.","cash_demand":80,"cash_collected":0,"credits_collected":0,"url":"http://cp-back.herokuapp.com/pots/7.json"},{"id":8,"user_id":8,"description":"Melomane depuis toujours, je recherche actuellement une flûte pour me divertir et divertir les autres en ces temps de fêtes. Merci à tous pour votre aide et merci à la communauté Coud'Pouce.","cash_demand":30,"cash_collected":0,"credits_collected":0,"url":"http://cp-back.herokuapp.com/pots/8.json"},{"id":9,"user_id":9,"description":"Melomane depuis toujours, je recherche actuellement une flûte pour me divertir et divertir les autres en ces temps de fêtes. Merci à tous pour votre aide et merci à la communauté Coud'Pouce.","cash_demand":75,"cash_collected":0,"credits_collected":0,"url":"http://cp-back.herokuapp.com/pots/9.json"},{"id":2,"user_id":2,"description":"Melomane depuis toujours, je recherche actuellement une flûte pour me divertir et divertir les autres en ces temps de fêtes. Merci à tous pour votre aide et merci à la communauté Coud'Pouce.","cash_demand":100,"cash_collected":15,"credits_collected":0,"url":"http://cp-back.herokuapp.com/pots/2.json"}]
2015-02-17 17:21:53.410 Coud'Pouce[4833:105707] DiskCookieStorage changing policy from 2 to 0, cookie file: file:///Users/timotheemevel/Library/Developer/CoreSimulator/Devices/99527FC7-EBBF-432A-B7D7-F45511CDD4DA/data/Containers/Data/Application/4F9DFECD-5AA5-46BB-B084-FD4DA1B1D6F3/Library/Cookies/Cookies.binarycookies
2015-02-17 17:21:53.608 Coud'Pouce[4833:105707] Apache Cordova native platform version 3.7.0 is starting.
2015-02-17 17:21:53.609 Coud'Pouce[4833:105707] Multi-tasking -> Device: YES, App: YES
2015-02-17 17:21:53.610 Coud'Pouce[4833:105707] Unlimited access to network resources
2015-02-17 17:21:53.627 Coud'Pouce[4833:105707] 

Started backup to iCloud! Please be careful.
Your application might be rejected by Apple if you store too much data.
For more information please read "iOS Data Storage Guidelines" at:
https://developer.apple.com/icloud/documentation/data-storage/
To disable web storage backup to iCloud, set the BackupWebStorage preference to "local" in the Cordova config.xml file

2015-02-17 17:21:54.234 Coud'Pouce[4833:105707] Resetting plugins due to page load.
2015-02-17 17:21:54.366 Coud'Pouce[4833:105707] Finished load of: file:///Users/timotheemevel/Library/Developer/CoreSimulator/Devices/99527FC7-EBBF-432A-B7D7-F45511CDD4DA/data/Containers/Bundle/Application/716F2F28-B713-4E64-8BFA-9F4D49FD57A4/Coud'Pouce.app/www/index.html
2015-02-17 17:21:55.691 Coud'Pouce[4833:105707] [{"id":1,"user_id":1,"description":"Je vis dans la rue depuis maintenant 15ans et souhaite simplement quelques vêtements propres et chauds pour passer l'hiver au chaud. Je vous en serais très reconnaissant. Bonne journée à vous.","cash_demand":120,"cash_collected":0,"credits_collected":0,"url":"http://cp-back.herokuapp.com/pots/1.json"},{"id":3,"user_id":3,"description":"Melomane depuis toujours, je recherche actuellement une flûte pour me divertir et divertir les autres en ces temps de fêtes. Merci à tous pour votre aide et merci à la communauté Coud'Pouce.","cash_demand":200,"cash_collected":0,"credits_collected":0,"url":"http://cp-back.herokuapp.com/pots/3.json"},{"id":4,"user_id":4,"description":"Melomane depuis toujours, je recherche actuellement une flûte pour me divertir et divertir les autres en ces temps de fêtes. Merci à tous pour votre aide et merci à la communauté Coud'Pouce.","cash_demand":500,"cash_collected":0,"credits_collected":0,"url":"http://cp-back.herokuapp.com/pots/4.json"},{"id":5,"user_id":5,"description":"Melomane depuis toujours, je recherche actuellement une flûte pour me divertir et divertir les autres en ces temps de fêtes. Merci à tous pour votre aide et merci à la communauté Coud'Pouce.","cash_demand":300,"cash_collected":0,"credits_collected":0,"url":"http://cp-back.herokuapp.com/pots/5.json"},{"id":6,"user_id":6,"description":"Melomane depuis toujours, je recherche actuellement une flûte pour me divertir et divertir les autres en ces temps de fêtes. Merci à tous pour votre aide et merci à la communauté Coud'Pouce.","cash_demand":130,"cash_collected":0,"credits_collected":0,"url":"http://cp-back.herokuapp.com/pots/6.json"},{"id":7,"user_id":7,"description":"Melomane depuis toujours, je recherche actuellement une flûte pour me divertir et divertir les autres en ces temps de fêtes. Merci à tous pour votre aide et merci à la communauté Coud'Pouce.","cash_demand":80,"cash_collected":0,"credits_collected":0,"url":"http://cp-back.herokuapp.com/pots/7.json"},{"id":8,"user_id":8,"description":"Melomane depuis toujours, je recherche actuellement une flûte pour me divertir et divertir les autres en ces temps de fêtes. Merci à tous pour votre aide et merci à la communauté Coud'Pouce.","cash_demand":30,"cash_collected":0,"credits_collected":0,"url":"http://cp-back.herokuapp.com/pots/8.json"},{"id":9,"user_id":9,"description":"Melomane depuis toujours, je recherche actuellement une flûte pour me divertir et divertir les autres en ces temps de fêtes. Merci à tous pour votre aide et merci à la communauté Coud'Pouce.","cash_demand":75,"cash_collected":0,"credits_collected":0,"url":"http://cp-back.herokuapp.com/pots/9.json"},{"id":2,"user_id":2,"description":"Melomane depuis toujours, je recherche actuellement une flûte pour me divertir et divertir les autres en ces temps de fêtes. Merci à tous pour votre aide et merci à la communauté Coud'Pouce.","cash_demand":100,"cash_collected":15,"credits_collected":0,"url":"http://cp-back.herokuapp.com/pots/2.json"}]
2015-02-17 17:48:54.768 Coud'Pouce[5190:128529] DiskCookieStorage changing policy from 2 to 0, cookie file: file:///Users/timotheemevel/Library/Developer/CoreSimulator/Devices/99527FC7-EBBF-432A-B7D7-F45511CDD4DA/data/Containers/Data/Application/D8DF9941-46A5-40B8-ABDA-3F0ED7A16764/Library/Cookies/Cookies.binarycookies
2015-02-17 17:48:57.451 Coud'Pouce[5190:128529] Apache Cordova native platform version 3.7.0 is starting.
2015-02-17 17:48:57.452 Coud'Pouce[5190:128529] Multi-tasking -> Device: YES, App: YES
2015-02-17 17:48:57.486 Coud'Pouce[5190:128529] Unlimited access to network resources
2015-02-17 17:48:57.509 Coud'Pouce[5190:128529] 

Started backup to iCloud! Please be careful.
Your application might be rejected by Apple if you store too much data.
For more information please read "iOS Data Storage Guidelines" at:
https://developer.apple.com/icloud/documentation/data-storage/
To disable web storage backup to iCloud, set the BackupWebStorage preference to "local" in the Cordova config.xml file

2015-02-17 17:49:08.804 Coud'Pouce[5190:128529] Resetting plugins due to page load.
2015-02-17 17:49:09.105 Coud'Pouce[5190:128529] Finished load of: file:///Users/timotheemevel/Library/Developer/CoreSimulator/Devices/99527FC7-EBBF-432A-B7D7-F45511CDD4DA/data/Containers/Bundle/Application/52CCD928-C8E5-4D35-97CA-948084420EF5/Coud'Pouce.app/www/index.html
2015-02-17 17:49:20.848 Coud'Pouce[5190:128529] [{"id":1,"user_id":1,"description":"Je vis dans la rue depuis maintenant 15ans et souhaite simplement quelques vêtements propres et chauds pour passer l'hiver au chaud. Je vous en serais très reconnaissant. Bonne journée à vous.","cash_demand":120,"cash_collected":0,"credits_collected":0,"url":"http://cp-back.herokuapp.com/pots/1.json"},{"id":3,"user_id":3,"description":"Melomane depuis toujours, je recherche actuellement une flûte pour me divertir et divertir les autres en ces temps de fêtes. Merci à tous pour votre aide et merci à la communauté Coud'Pouce.","cash_demand":200,"cash_collected":0,"credits_collected":0,"url":"http://cp-back.herokuapp.com/pots/3.json"},{"id":4,"user_id":4,"description":"Melomane depuis toujours, je recherche actuellement une flûte pour me divertir et divertir les autres en ces temps de fêtes. Merci à tous pour votre aide et merci à la communauté Coud'Pouce.","cash_demand":500,"cash_collected":0,"credits_collected":0,"url":"http://cp-back.herokuapp.com/pots/4.json"},{"id":5,"user_id":5,"description":"Melomane depuis toujours, je recherche actuellement une flûte pour me divertir et divertir les autres en ces temps de fêtes. Merci à tous pour votre aide et merci à la communauté Coud'Pouce.","cash_demand":300,"cash_collected":0,"credits_collected":0,"url":"http://cp-back.herokuapp.com/pots/5.json"},{"id":6,"user_id":6,"description":"Melomane depuis toujours, je recherche actuellement une flûte pour me divertir et divertir les autres en ces temps de fêtes. Merci à tous pour votre aide et merci à la communauté Coud'Pouce.","cash_demand":130,"cash_collected":0,"credits_collected":0,"url":"http://cp-back.herokuapp.com/pots/6.json"},{"id":7,"user_id":7,"description":"Melomane depuis toujours, je recherche actuellement une flûte pour me divertir et divertir les autres en ces temps de fêtes. Merci à tous pour votre aide et merci à la communauté Coud'Pouce.","cash_demand":80,"cash_collected":0,"credits_collected":0,"url":"http://cp-back.herokuapp.com/pots/7.json"},{"id":8,"user_id":8,"description":"Melomane depuis toujours, je recherche actuellement une flûte pour me divertir et divertir les autres en ces temps de fêtes. Merci à tous pour votre aide et merci à la communauté Coud'Pouce.","cash_demand":30,"cash_collected":0,"credits_collected":0,"url":"http://cp-back.herokuapp.com/pots/8.json"},{"id":9,"user_id":9,"description":"Melomane depuis toujours, je recherche actuellement une flûte pour me divertir et divertir les autres en ces temps de fêtes. Merci à tous pour votre aide et merci à la communauté Coud'Pouce.","cash_demand":75,"cash_collected":0,"credits_collected":0,"url":"http://cp-back.herokuapp.com/pots/9.json"},{"id":2,"user_id":2,"description":"Melomane depuis toujours, je recherche actuellement une flûte pour me divertir et divertir les autres en ces temps de fêtes. Merci à tous pour votre aide et merci à la communauté Coud'Pouce.","cash_demand":100,"cash_collected":15,"credits_collected":0,"url":"http://cp-back.herokuapp.com/pots/2.json"}]
2015-02-17 17:49:24.422 Coud'Pouce[5451:129313] DiskCookieStorage changing policy from 2 to 0, cookie file: file:///Users/timotheemevel/Library/Developer/CoreSimulator/Devices/99527FC7-EBBF-432A-B7D7-F45511CDD4DA/data/Containers/Data/Application/667BAEA5-757D-4C9E-9C1B-DC2F2A6EAC78/Library/Cookies/Cookies.binarycookies
2015-02-17 17:49:24.534 Coud'Pouce[5451:129313] Apache Cordova native platform version 3.7.0 is starting.
2015-02-17 17:49:24.535 Coud'Pouce[5451:129313] Multi-tasking -> Device: YES, App: YES
2015-02-17 17:49:24.536 Coud'Pouce[5451:129313] Unlimited access to network resources
2015-02-17 17:49:24.540 Coud'Pouce[5451:129313] 

Started backup to iCloud! Please be careful.
Your application might be rejected by Apple if you store too much data.
For more information please read "iOS Data Storage Guidelines" at:
https://developer.apple.com/icloud/documentation/data-storage/
To disable web storage backup to iCloud, set the BackupWebStorage preference to "local" in the Cordova config.xml file

2015-02-17 17:49:24.835 Coud'Pouce[5451:129313] Resetting plugins due to page load.
2015-02-17 17:49:24.930 Coud'Pouce[5451:129313] Finished load of: file:///Users/timotheemevel/Library/Developer/CoreSimulator/Devices/99527FC7-EBBF-432A-B7D7-F45511CDD4DA/data/Containers/Bundle/Application/194EEB93-FED9-4F2C-B8B4-68957F983AD0/Coud'Pouce.app/www/index.html
2015-02-17 17:49:25.249 Coud'Pouce[5451:129313] [{"id":1,"user_id":1,"description":"Je vis dans la rue depuis maintenant 15ans et souhaite simplement quelques vêtements propres et chauds pour passer l'hiver au chaud. Je vous en serais très reconnaissant. Bonne journée à vous.","cash_demand":120,"cash_collected":0,"credits_collected":0,"url":"http://cp-back.herokuapp.com/pots/1.json"},{"id":3,"user_id":3,"description":"Melomane depuis toujours, je recherche actuellement une flûte pour me divertir et divertir les autres en ces temps de fêtes. Merci à tous pour votre aide et merci à la communauté Coud'Pouce.","cash_demand":200,"cash_collected":0,"credits_collected":0,"url":"http://cp-back.herokuapp.com/pots/3.json"},{"id":4,"user_id":4,"description":"Melomane depuis toujours, je recherche actuellement une flûte pour me divertir et divertir les autres en ces temps de fêtes. Merci à tous pour votre aide et merci à la communauté Coud'Pouce.","cash_demand":500,"cash_collected":0,"credits_collected":0,"url":"http://cp-back.herokuapp.com/pots/4.json"},{"id":5,"user_id":5,"description":"Melomane depuis toujours, je recherche actuellement une flûte pour me divertir et divertir les autres en ces temps de fêtes. Merci à tous pour votre aide et merci à la communauté Coud'Pouce.","cash_demand":300,"cash_collected":0,"credits_collected":0,"url":"http://cp-back.herokuapp.com/pots/5.json"},{"id":6,"user_id":6,"description":"Melomane depuis toujours, je recherche actuellement une flûte pour me divertir et divertir les autres en ces temps de fêtes. Merci à tous pour votre aide et merci à la communauté Coud'Pouce.","cash_demand":130,"cash_collected":0,"credits_collected":0,"url":"http://cp-back.herokuapp.com/pots/6.json"},{"id":7,"user_id":7,"description":"Melomane depuis toujours, je recherche actuellement une flûte pour me divertir et divertir les autres en ces temps de fêtes. Merci à tous pour votre aide et merci à la communauté Coud'Pouce.","cash_demand":80,"cash_collected":0,"credits_collected":0,"url":"http://cp-back.herokuapp.com/pots/7.json"},{"id":8,"user_id":8,"description":"Melomane depuis toujours, je recherche actuellement une flûte pour me divertir et divertir les autres en ces temps de fêtes. Merci à tous pour votre aide et merci à la communauté Coud'Pouce.","cash_demand":30,"cash_collected":0,"credits_collected":0,"url":"http://cp-back.herokuapp.com/pots/8.json"},{"id":9,"user_id":9,"description":"Melomane depuis toujours, je recherche actuellement une flûte pour me divertir et divertir les autres en ces temps de fêtes. Merci à tous pour votre aide et merci à la communauté Coud'Pouce.","cash_demand":75,"cash_collected":0,"credits_collected":0,"url":"http://cp-back.herokuapp.com/pots/9.json"},{"id":2,"user_id":2,"description":"Melomane depuis toujours, je recherche actuellement une flûte pour me divertir et divertir les autres en ces temps de fêtes. Merci à tous pour votre aide et merci à la communauté Coud'Pouce.","cash_demand":100,"cash_collected":15,"credits_collected":0,"url":"http://cp-back.herokuapp.com/pots/2.json"}]
2015-02-17 17:56:55.850 Coud'Pouce[5451:129313] Resetting plugins due to page load.
2015-02-17 17:56:55.879 Coud'Pouce[5451:129313] Finished load of: file:///Users/timotheemevel/Library/Developer/CoreSimulator/Devices/99527FC7-EBBF-432A-B7D7-F45511CDD4DA/data/Containers/Bundle/Application/194EEB93-FED9-4F2C-B8B4-68957F983AD0/Coud'Pouce.app/www/index.html?#lists
2015-02-17 17:56:56.094 Coud'Pouce[5451:129313] [{"id":1,"user_id":1,"description":"Je vis dans la rue depuis maintenant 15ans et souhaite simplement quelques vêtements propres et chauds pour passer l'hiver au chaud. Je vous en serais très reconnaissant. Bonne journée à vous.","cash_demand":120,"cash_collected":0,"credits_collected":0,"url":"http://cp-back.herokuapp.com/pots/1.json"},{"id":3,"user_id":3,"description":"Melomane depuis toujours, je recherche actuellement une flûte pour me divertir et divertir les autres en ces temps de fêtes. Merci à tous pour votre aide et merci à la communauté Coud'Pouce.","cash_demand":200,"cash_collected":0,"credits_collected":0,"url":"http://cp-back.herokuapp.com/pots/3.json"},{"id":4,"user_id":4,"description":"Melomane depuis toujours, je recherche actuellement une flûte pour me divertir et divertir les autres en ces temps de fêtes. Merci à tous pour votre aide et merci à la communauté Coud'Pouce.","cash_demand":500,"cash_collected":0,"credits_collected":0,"url":"http://cp-back.herokuapp.com/pots/4.json"},{"id":5,"user_id":5,"description":"Melomane depuis toujours, je recherche actuellement une flûte pour me divertir et divertir les autres en ces temps de fêtes. Merci à tous pour votre aide et merci à la communauté Coud'Pouce.","cash_demand":300,"cash_collected":0,"credits_collected":0,"url":"http://cp-back.herokuapp.com/pots/5.json"},{"id":6,"user_id":6,"description":"Melomane depuis toujours, je recherche actuellement une flûte pour me divertir et divertir les autres en ces temps de fêtes. Merci à tous pour votre aide et merci à la communauté Coud'Pouce.","cash_demand":130,"cash_collected":0,"credits_collected":0,"url":"http://cp-back.herokuapp.com/pots/6.json"},{"id":7,"user_id":7,"description":"Melomane depuis toujours, je recherche actuellement une flûte pour me divertir et divertir les autres en ces temps de fêtes. Merci à tous pour votre aide et merci à la communauté Coud'Pouce.","cash_demand":80,"cash_collected":0,"credits_collected":0,"url":"http://cp-back.herokuapp.com/pots/7.json"},{"id":8,"user_id":8,"description":"Melomane depuis toujours, je recherche actuellement une flûte pour me divertir et divertir les autres en ces temps de fêtes. Merci à tous pour votre aide et merci à la communauté Coud'Pouce.","cash_demand":30,"cash_collected":0,"credits_collected":0,"url":"http://cp-back.herokuapp.com/pots/8.json"},{"id":9,"user_id":9,"description":"Melomane depuis toujours, je recherche actuellement une flûte pour me divertir et divertir les autres en ces temps de fêtes. Merci à tous pour votre aide et merci à la communauté Coud'Pouce.","cash_demand":75,"cash_collected":0,"credits_collected":0,"url":"http://cp-back.herokuapp.com/pots/9.json"},{"id":2,"user_id":2,"description":"Melomane depuis toujours, je recherche actuellement une flûte pour me divertir et divertir les autres en ces temps de fêtes. Merci à tous pour votre aide et merci à la communauté Coud'Pouce.","cash_demand":100,"cash_collected":15,"credits_collected":0,"url":"http://cp-back.herokuapp.com/pots/2.json"}]
2015-02-17 17:57:03.137 Coud'Pouce[5736:135103] DiskCookieStorage changing policy from 2 to 0, cookie file: file:///Users/timotheemevel/Library/Developer/CoreSimulator/Devices/99527FC7-EBBF-432A-B7D7-F45511CDD4DA/data/Containers/Data/Application/27A5BECB-5C95-49B1-BFCD-A0EEC97F8F2A/Library/Cookies/Cookies.binarycookies
2015-02-17 17:57:03.249 Coud'Pouce[5736:135103] Apache Cordova native platform version 3.7.0 is starting.
2015-02-17 17:57:03.250 Coud'Pouce[5736:135103] Multi-tasking -> Device: YES, App: YES
2015-02-17 17:57:03.251 Coud'Pouce[5736:135103] Unlimited access to network resources
2015-02-17 17:57:03.256 Coud'Pouce[5736:135103] 

Started backup to iCloud! Please be careful.
Your application might be rejected by Apple if you store too much data.
For more information please read "iOS Data Storage Guidelines" at:
https://developer.apple.com/icloud/documentation/data-storage/
To disable web storage backup to iCloud, set the BackupWebStorage preference to "local" in the Cordova config.xml file

2015-02-17 17:57:03.550 Coud'Pouce[5736:135103] Resetting plugins due to page load.
2015-02-17 17:57:03.641 Coud'Pouce[5736:135103] Finished load of: file:///Users/timotheemevel/Library/Developer/CoreSimulator/Devices/99527FC7-EBBF-432A-B7D7-F45511CDD4DA/data/Containers/Bundle/Application/205C94DB-EF29-4099-9571-FE4CA77506E6/Coud'Pouce.app/www/index.html
2015-02-17 17:57:03.835 Coud'Pouce[5736:135103] [{"id":1,"user_id":1,"description":"Je vis dans la rue depuis maintenant 15ans et souhaite simplement quelques vêtements propres et chauds pour passer l'hiver au chaud. Je vous en serais très reconnaissant. Bonne journée à vous.","cash_demand":120,"cash_collected":0,"credits_collected":0,"url":"http://cp-back.herokuapp.com/pots/1.json"},{"id":3,"user_id":3,"description":"Melomane depuis toujours, je recherche actuellement une flûte pour me divertir et divertir les autres en ces temps de fêtes. Merci à tous pour votre aide et merci à la communauté Coud'Pouce.","cash_demand":200,"cash_collected":0,"credits_collected":0,"url":"http://cp-back.herokuapp.com/pots/3.json"},{"id":4,"user_id":4,"description":"Melomane depuis toujours, je recherche actuellement une flûte pour me divertir et divertir les autres en ces temps de fêtes. Merci à tous pour votre aide et merci à la communauté Coud'Pouce.","cash_demand":500,"cash_collected":0,"credits_collected":0,"url":"http://cp-back.herokuapp.com/pots/4.json"},{"id":5,"user_id":5,"description":"Melomane depuis toujours, je recherche actuellement une flûte pour me divertir et divertir les autres en ces temps de fêtes. Merci à tous pour votre aide et merci à la communauté Coud'Pouce.","cash_demand":300,"cash_collected":0,"credits_collected":0,"url":"http://cp-back.herokuapp.com/pots/5.json"},{"id":6,"user_id":6,"description":"Melomane depuis toujours, je recherche actuellement une flûte pour me divertir et divertir les autres en ces temps de fêtes. Merci à tous pour votre aide et merci à la communauté Coud'Pouce.","cash_demand":130,"cash_collected":0,"credits_collected":0,"url":"http://cp-back.herokuapp.com/pots/6.json"},{"id":7,"user_id":7,"description":"Melomane depuis toujours, je recherche actuellement une flûte pour me divertir et divertir les autres en ces temps de fêtes. Merci à tous pour votre aide et merci à la communauté Coud'Pouce.","cash_demand":80,"cash_collected":0,"credits_collected":0,"url":"http://cp-back.herokuapp.com/pots/7.json"},{"id":8,"user_id":8,"description":"Melomane depuis toujours, je recherche actuellement une flûte pour me divertir et divertir les autres en ces temps de fêtes. Merci à tous pour votre aide et merci à la communauté Coud'Pouce.","cash_demand":30,"cash_collected":0,"credits_collected":0,"url":"http://cp-back.herokuapp.com/pots/8.json"},{"id":9,"user_id":9,"description":"Melomane depuis toujours, je recherche actuellement une flûte pour me divertir et divertir les autres en ces temps de fêtes. Merci à tous pour votre aide et merci à la communauté Coud'Pouce.","cash_demand":75,"cash_collected":0,"credits_collected":0,"url":"http://cp-back.herokuapp.com/pots/9.json"},{"id":2,"user_id":2,"description":"Melomane depuis toujours, je recherche actuellement une flûte pour me divertir et divertir les autres en ces temps de fêtes. Merci à tous pour votre aide et merci à la communauté Coud'Pouce.","cash_demand":100,"cash_collected":15,"credits_collected":0,"url":"http://cp-back.herokuapp.com/pots/2.json"}]
2015-02-17 17:57:59.200 Coud'Pouce[5736:135103] Resetting plugins due to page load.
2015-02-17 17:57:59.228 Coud'Pouce[5736:135103] Finished load of: file:///Users/timotheemevel/Library/Developer/CoreSimulator/Devices/99527FC7-EBBF-432A-B7D7-F45511CDD4DA/data/Containers/Bundle/Application/205C94DB-EF29-4099-9571-FE4CA77506E6/Coud'Pouce.app/www/index.html?#lists
2015-02-17 17:57:59.505 Coud'Pouce[5736:135103] [{"id":1,"user_id":1,"description":"Je vis dans la rue depuis maintenant 15ans et souhaite simplement quelques vêtements propres et chauds pour passer l'hiver au chaud. Je vous en serais très reconnaissant. Bonne journée à vous.","cash_demand":120,"cash_collected":0,"credits_collected":0,"url":"http://cp-back.herokuapp.com/pots/1.json"},{"id":3,"user_id":3,"description":"Melomane depuis toujours, je recherche actuellement une flûte pour me divertir et divertir les autres en ces temps de fêtes. Merci à tous pour votre aide et merci à la communauté Coud'Pouce.","cash_demand":200,"cash_collected":0,"credits_collected":0,"url":"http://cp-back.herokuapp.com/pots/3.json"},{"id":4,"user_id":4,"description":"Melomane depuis toujours, je recherche actuellement une flûte pour me divertir et divertir les autres en ces temps de fêtes. Merci à tous pour votre aide et merci à la communauté Coud'Pouce.","cash_demand":500,"cash_collected":0,"credits_collected":0,"url":"http://cp-back.herokuapp.com/pots/4.json"},{"id":5,"user_id":5,"description":"Melomane depuis toujours, je recherche actuellement une flûte pour me divertir et divertir les autres en ces temps de fêtes. Merci à tous pour votre aide et merci à la communauté Coud'Pouce.","cash_demand":300,"cash_collected":0,"credits_collected":0,"url":"http://cp-back.herokuapp.com/pots/5.json"},{"id":6,"user_id":6,"description":"Melomane depuis toujours, je recherche actuellement une flûte pour me divertir et divertir les autres en ces temps de fêtes. Merci à tous pour votre aide et merci à la communauté Coud'Pouce.","cash_demand":130,"cash_collected":0,"credits_collected":0,"url":"http://cp-back.herokuapp.com/pots/6.json"},{"id":7,"user_id":7,"description":"Melomane depuis toujours, je recherche actuellement une flûte pour me divertir et divertir les autres en ces temps de fêtes. Merci à tous pour votre aide et merci à la communauté Coud'Pouce.","cash_demand":80,"cash_collected":0,"credits_collected":0,"url":"http://cp-back.herokuapp.com/pots/7.json"},{"id":8,"user_id":8,"description":"Melomane depuis toujours, je recherche actuellement une flûte pour me divertir et divertir les autres en ces temps de fêtes. Merci à tous pour votre aide et merci à la communauté Coud'Pouce.","cash_demand":30,"cash_collected":0,"credits_collected":0,"url":"http://cp-back.herokuapp.com/pots/8.json"},{"id":9,"user_id":9,"description":"Melomane depuis toujours, je recherche actuellement une flûte pour me divertir et divertir les autres en ces temps de fêtes. Merci à tous pour votre aide et merci à la communauté Coud'Pouce.","cash_demand":75,"cash_collected":0,"credits_collected":0,"url":"http://cp-back.herokuapp.com/pots/9.json"},{"id":2,"user_id":2,"description":"Melomane depuis toujours, je recherche actuellement une flûte pour me divertir et divertir les autres en ces temps de fêtes. Merci à tous pour votre aide et merci à la communauté Coud'Pouce.","cash_demand":100,"cash_collected":15,"credits_collected":0,"url":"http://cp-back.herokuapp.com/pots/2.json"}]
2015-02-17 18:00:56.592 Coud'Pouce[5999:136900] DiskCookieStorage changing policy from 2 to 0, cookie file: file:///Users/timotheemevel/Library/Developer/CoreSimulator/Devices/99527FC7-EBBF-432A-B7D7-F45511CDD4DA/data/Containers/Data/Application/1374B193-D0F8-447B-BAE8-C799B8FC00C7/Library/Cookies/Cookies.binarycookies
2015-02-17 18:00:56.702 Coud'Pouce[5999:136900] Apache Cordova native platform version 3.7.0 is starting.
2015-02-17 18:00:56.702 Coud'Pouce[5999:136900] Multi-tasking -> Device: YES, App: YES
2015-02-17 18:00:56.704 Coud'Pouce[5999:136900] Unlimited access to network resources
2015-02-17 18:00:56.708 Coud'Pouce[5999:136900] 

Started backup to iCloud! Please be careful.
Your application might be rejected by Apple if you store too much data.
For more information please read "iOS Data Storage Guidelines" at:
https://developer.apple.com/icloud/documentation/data-storage/
To disable web storage backup to iCloud, set the BackupWebStorage preference to "local" in the Cordova config.xml file

2015-02-17 18:00:57.009 Coud'Pouce[5999:136900] Resetting plugins due to page load.
2015-02-17 18:00:57.101 Coud'Pouce[5999:136900] Finished load of: file:///Users/timotheemevel/Library/Developer/CoreSimulator/Devices/99527FC7-EBBF-432A-B7D7-F45511CDD4DA/data/Containers/Bundle/Application/F8CEA88E-9450-429C-A164-5C1D999ED710/Coud'Pouce.app/www/index.html
2015-02-17 18:00:57.295 Coud'Pouce[5999:136900] [{"id":1,"user_id":1,"description":"Je vis dans la rue depuis maintenant 15ans et souhaite simplement quelques vêtements propres et chauds pour passer l'hiver au chaud. Je vous en serais très reconnaissant. Bonne journée à vous.","cash_demand":120,"cash_collected":0,"credits_collected":0,"url":"http://cp-back.herokuapp.com/pots/1.json"},{"id":3,"user_id":3,"description":"Melomane depuis toujours, je recherche actuellement une flûte pour me divertir et divertir les autres en ces temps de fêtes. Merci à tous pour votre aide et merci à la communauté Coud'Pouce.","cash_demand":200,"cash_collected":0,"credits_collected":0,"url":"http://cp-back.herokuapp.com/pots/3.json"},{"id":4,"user_id":4,"description":"Melomane depuis toujours, je recherche actuellement une flûte pour me divertir et divertir les autres en ces temps de fêtes. Merci à tous pour votre aide et merci à la communauté Coud'Pouce.","cash_demand":500,"cash_collected":0,"credits_collected":0,"url":"http://cp-back.herokuapp.com/pots/4.json"},{"id":5,"user_id":5,"description":"Melomane depuis toujours, je recherche actuellement une flûte pour me divertir et divertir les autres en ces temps de fêtes. Merci à tous pour votre aide et merci à la communauté Coud'Pouce.","cash_demand":300,"cash_collected":0,"credits_collected":0,"url":"http://cp-back.herokuapp.com/pots/5.json"},{"id":6,"user_id":6,"description":"Melomane depuis toujours, je recherche actuellement une flûte pour me divertir et divertir les autres en ces temps de fêtes. Merci à tous pour votre aide et merci à la communauté Coud'Pouce.","cash_demand":130,"cash_collected":0,"credits_collected":0,"url":"http://cp-back.herokuapp.com/pots/6.json"},{"id":7,"user_id":7,"description":"Melomane depuis toujours, je recherche actuellement une flûte pour me divertir et divertir les autres en ces temps de fêtes. Merci à tous pour votre aide et merci à la communauté Coud'Pouce.","cash_demand":80,"cash_collected":0,"credits_collected":0,"url":"http://cp-back.herokuapp.com/pots/7.json"},{"id":8,"user_id":8,"description":"Melomane depuis toujours, je recherche actuellement une flûte pour me divertir et divertir les autres en ces temps de fêtes. Merci à tous pour votre aide et merci à la communauté Coud'Pouce.","cash_demand":30,"cash_collected":0,"credits_collected":0,"url":"http://cp-back.herokuapp.com/pots/8.json"},{"id":9,"user_id":9,"description":"Melomane depuis toujours, je recherche actuellement une flûte pour me divertir et divertir les autres en ces temps de fêtes. Merci à tous pour votre aide et merci à la communauté Coud'Pouce.","cash_demand":75,"cash_collected":0,"credits_collected":0,"url":"http://cp-back.herokuapp.com/pots/9.json"},{"id":2,"user_id":2,"description":"Melomane depuis toujours, je recherche actuellement une flûte pour me divertir et divertir les autres en ces temps de fêtes. Merci à tous pour votre aide et merci à la communauté Coud'Pouce.","cash_demand":100,"cash_collected":15,"credits_collected":0,"url":"http://cp-back.herokuapp.com/pots/2.json"}]
2015-02-17 18:01:19.789 Coud'Pouce[5999:136900] Resetting plugins due to page load.
2015-02-17 18:01:19.833 Coud'Pouce[5999:136900] Finished load of: file:///Users/timotheemevel/Library/Developer/CoreSimulator/Devices/99527FC7-EBBF-432A-B7D7-F45511CDD4DA/data/Containers/Bundle/Application/F8CEA88E-9450-429C-A164-5C1D999ED710/Coud'Pouce.app/www/index.html?#lists
2015-02-17 18:01:19.986 Coud'Pouce[5999:136900] [{"id":1,"user_id":1,"description":"Je vis dans la rue depuis maintenant 15ans et souhaite simplement quelques vêtements propres et chauds pour passer l'hiver au chaud. Je vous en serais très reconnaissant. Bonne journée à vous.","cash_demand":120,"cash_collected":0,"credits_collected":0,"url":"http://cp-back.herokuapp.com/pots/1.json"},{"id":3,"user_id":3,"description":"Melomane depuis toujours, je recherche actuellement une flûte pour me divertir et divertir les autres en ces temps de fêtes. Merci à tous pour votre aide et merci à la communauté Coud'Pouce.","cash_demand":200,"cash_collected":0,"credits_collected":0,"url":"http://cp-back.herokuapp.com/pots/3.json"},{"id":4,"user_id":4,"description":"Melomane depuis toujours, je recherche actuellement une flûte pour me divertir et divertir les autres en ces temps de fêtes. Merci à tous pour votre aide et merci à la communauté Coud'Pouce.","cash_demand":500,"cash_collected":0,"credits_collected":0,"url":"http://cp-back.herokuapp.com/pots/4.json"},{"id":5,"user_id":5,"description":"Melomane depuis toujours, je recherche actuellement une flûte pour me divertir et divertir les autres en ces temps de fêtes. Merci à tous pour votre aide et merci à la communauté Coud'Pouce.","cash_demand":300,"cash_collected":0,"credits_collected":0,"url":"http://cp-back.herokuapp.com/pots/5.json"},{"id":6,"user_id":6,"description":"Melomane depuis toujours, je recherche actuellement une flûte pour me divertir et divertir les autres en ces temps de fêtes. Merci à tous pour votre aide et merci à la communauté Coud'Pouce.","cash_demand":130,"cash_collected":0,"credits_collected":0,"url":"http://cp-back.herokuapp.com/pots/6.json"},{"id":7,"user_id":7,"description":"Melomane depuis toujours, je recherche actuellement une flûte pour me divertir et divertir les autres en ces temps de fêtes. Merci à tous pour votre aide et merci à la communauté Coud'Pouce.","cash_demand":80,"cash_collected":0,"credits_collected":0,"url":"http://cp-back.herokuapp.com/pots/7.json"},{"id":8,"user_id":8,"description":"Melomane depuis toujours, je recherche actuellement une flûte pour me divertir et divertir les autres en ces temps de fêtes. Merci à tous pour votre aide et merci à la communauté Coud'Pouce.","cash_demand":30,"cash_collected":0,"credits_collected":0,"url":"http://cp-back.herokuapp.com/pots/8.json"},{"id":9,"user_id":9,"description":"Melomane depuis toujours, je recherche actuellement une flûte pour me divertir et divertir les autres en ces temps de fêtes. Merci à tous pour votre aide et merci à la communauté Coud'Pouce.","cash_demand":75,"cash_collected":0,"credits_collected":0,"url":"http://cp-back.herokuapp.com/pots/9.json"},{"id":2,"user_id":2,"description":"Melomane depuis toujours, je recherche actuellement une flûte pour me divertir et divertir les autres en ces temps de fêtes. Merci à tous pour votre aide et merci à la communauté Coud'Pouce.","cash_demand":100,"cash_collected":15,"credits_collected":0,"url":"http://cp-back.herokuapp.com/pots/2.json"}]
2015-02-18 01:18:31.064 Coud'Pouce[7499:1047313] DiskCookieStorage changing policy from 2 to 0, cookie file: file:///Users/timotheemevel/Library/Developer/CoreSimulator/Devices/99527FC7-EBBF-432A-B7D7-F45511CDD4DA/data/Containers/Data/Application/B8A22A32-C95F-44BF-A14C-342AE5DED69A/Library/Cookies/Cookies.binarycookies
2015-02-18 01:18:31.236 Coud'Pouce[7499:1047313] Apache Cordova native platform version 3.7.0 is starting.
2015-02-18 01:18:31.238 Coud'Pouce[7499:1047313] Multi-tasking -> Device: YES, App: YES
2015-02-18 01:18:31.240 Coud'Pouce[7499:1047313] Unlimited access to network resources
2015-02-18 01:18:31.243 Coud'Pouce[7499:1047313] 

Started backup to iCloud! Please be careful.
Your application might be rejected by Apple if you store too much data.
For more information please read "iOS Data Storage Guidelines" at:
https://developer.apple.com/icloud/documentation/data-storage/
To disable web storage backup to iCloud, set the BackupWebStorage preference to "local" in the Cordova config.xml file

2015-02-18 01:18:31.544 Coud'Pouce[7499:1047313] Resetting plugins due to page load.
2015-02-18 01:18:31.641 Coud'Pouce[7499:1047313] Finished load of: file:///Users/timotheemevel/Library/Developer/CoreSimulator/Devices/99527FC7-EBBF-432A-B7D7-F45511CDD4DA/data/Containers/Bundle/Application/4F038856-0D8A-4E7D-B195-B520D64A29D3/Coud'Pouce.app/www/index.html
2015-02-18 01:18:32.707 Coud'Pouce[7499:1047313] [{"id":1,"user_id":1,"description":"Je vis dans la rue depuis maintenant 15ans et souhaite simplement quelques vêtements propres et chauds pour passer l'hiver au chaud. Je vous en serais très reconnaissant. Bonne journée à vous.","cash_demand":120,"cash_collected":0,"credits_collected":0,"url":"http://cp-back.herokuapp.com/pots/1.json","fname":"Jack","lname":"Sparrow","lname_initial":"S.","date_of_birth":"1970-01-01","email":"jack.sparrow@association.fr","age":45},{"id":3,"user_id":3,"description":"Melomane depuis toujours, je recherche actuellement une flûte pour me divertir et divertir les autres en ces temps de fêtes. Merci à tous pour votre aide et merci à la communauté Coud'Pouce.","cash_demand":200,"cash_collected":0,"credits_collected":0,"url":"http://cp-back.herokuapp.com/pots/3.json","fname":"Anne","lname":"Rocher","lname_initial":"R.","date_of_birth":"1976-12-10","email":"anne.rocher@association.fr","age":38},{"id":4,"user_id":4,"description":"Melomane depuis toujours, je recherche actuellement une flûte pour me divertir et divertir les autres en ces temps de fêtes. Merci à tous pour votre aide et merci à la communauté Coud'Pouce.","cash_demand":500,"cash_collected":0,"credits_collected":0,"url":"http://cp-back.herokuapp.com/pots/4.json","fname":"Frederic","lname":"Montagne","lname_initial":"M.","date_of_birth":"1983-09-02","email":"frederic.montagne@association.fr","age":31},{"id":5,"user_id":5,"description":"Melomane depuis toujours, je recherche actuellement une flûte pour me divertir et divertir les autres en ces temps de fêtes. Merci à tous pour votre aide et merci à la communauté Coud'Pouce.","cash_demand":300,"cash_collected":0,"credits_collected":0,"url":"http://cp-back.herokuapp.com/pots/5.json","fname":"Pierre","lname":"Michel","lname_initial":"M.","date_of_birth":"1965-11-08","email":"pierre.michel@association.fr","age":49},{"id":6,"user_id":6,"description":"Melomane depuis toujours, je recherche actuellement une flûte pour me divertir et divertir les autres en ces temps de fêtes. Merci à tous pour votre aide et merci à la communauté Coud'Pouce.","cash_demand":130,"cash_collected":0,"credits_collected":0,"url":"http://cp-back.herokuapp.com/pots/6.json","fname":"Mickael","lname":"Jouffre","lname_initial":"J.","date_of_birth":"1985-09-12","email":"mickael.jouffre@association.fr","age":29},{"id":7,"user_id":7,"description":"Melomane depuis toujours, je recherche actuellement une flûte pour me divertir et divertir les autres en ces temps de fêtes. Merci à tous pour votre aide et merci à la communauté Coud'Pouce.","cash_demand":80,"cash_collected":0,"credits_collected":0,"url":"http://cp-back.herokuapp.com/pots/7.json","fname":"Margot","lname":"Buche","lname_initial":"B.","date_of_birth":"1987-04-02","email":"margot.buche@association.fr","age":27},{"id":8,"user_id":8,"description":"Melomane depuis toujours, je recherche actuellement une flûte pour me divertir et divertir les autres en ces temps de fêtes. Merci à tous pour votre aide et merci à la communauté Coud'Pouce.","cash_demand":30,"cash_collected":0,"credits_collected":0,"url":"http://cp-back.herokuapp.com/pots/8.json","fname":"Laetitia","lname":"Gruillot","lname_initial":"G.","date_of_birth":"1975-11-10","email":"laetitia.gruillot@association.fr","age":39},{"id":9,"user_id":9,"description":"Melomane depuis toujours, je recherche actuellement une flûte pour me divertir et divertir les autres en ces temps de fêtes. Merci à tous pour votre aide et merci à la communauté Coud'Pouce.","cash_demand":75,"cash_collected":0,"credits_collected":0,"url":"http://cp-back.herokuapp.com/pots/9.json","fname":"Jean-Marc","lname":"Louty","lname_initial":"L.","date_of_birth":"1981-09-12","email":"jean-marc.louty@association.fr","age":33},{"id":2,"user_id":2,"description":"Melomane depuis toujours, je recherche actuellement une flûte pour me divertir et divertir les autres en ces temps de fêtes. Merci à tous pour votre aide et merci à la communauté Coud'Pouce.","cash_demand":100,"cash_collected":15,"credits_collected":0,"url":"http://cp-back.herokuapp.com/pots/2.json","fname":"Etienne","lname":"Luigi","lname_initial":"L.","date_of_birth":"1975-02-01","email":"etienne.luigi@association.fr","age":40}]
2015-02-18 01:18:33.856 Coud'Pouce[7499:1047313] Resetting plugins due to page load.
2015-02-18 01:18:33.883 Coud'Pouce[7499:1047313] Finished load of: file:///Users/timotheemevel/Library/Developer/CoreSimulator/Devices/99527FC7-EBBF-432A-B7D7-F45511CDD4DA/data/Containers/Bundle/Application/4F038856-0D8A-4E7D-B195-B520D64A29D3/Coud'Pouce.app/www/index.html?#pots
2015-02-18 01:18:34.881 Coud'Pouce[7499:1047313] [{"id":1,"user_id":1,"description":"Je vis dans la rue depuis maintenant 15ans et souhaite simplement quelques vêtements propres et chauds pour passer l'hiver au chaud. Je vous en serais très reconnaissant. Bonne journée à vous.","cash_demand":120,"cash_collected":0,"credits_collected":0,"url":"http://cp-back.herokuapp.com/pots/1.json","fname":"Jack","lname":"Sparrow","lname_initial":"S.","date_of_birth":"1970-01-01","email":"jack.sparrow@association.fr","age":45},{"id":3,"user_id":3,"description":"Melomane depuis toujours, je recherche actuellement une flûte pour me divertir et divertir les autres en ces temps de fêtes. Merci à tous pour votre aide et merci à la communauté Coud'Pouce.","cash_demand":200,"cash_collected":0,"credits_collected":0,"url":"http://cp-back.herokuapp.com/pots/3.json","fname":"Anne","lname":"Rocher","lname_initial":"R.","date_of_birth":"1976-12-10","email":"anne.rocher@association.fr","age":38},{"id":4,"user_id":4,"description":"Melomane depuis toujours, je recherche actuellement une flûte pour me divertir et divertir les autres en ces temps de fêtes. Merci à tous pour votre aide et merci à la communauté Coud'Pouce.","cash_demand":500,"cash_collected":0,"credits_collected":0,"url":"http://cp-back.herokuapp.com/pots/4.json","fname":"Frederic","lname":"Montagne","lname_initial":"M.","date_of_birth":"1983-09-02","email":"frederic.montagne@association.fr","age":31},{"id":5,"user_id":5,"description":"Melomane depuis toujours, je recherche actuellement une flûte pour me divertir et divertir les autres en ces temps de fêtes. Merci à tous pour votre aide et merci à la communauté Coud'Pouce.","cash_demand":300,"cash_collected":0,"credits_collected":0,"url":"http://cp-back.herokuapp.com/pots/5.json","fname":"Pierre","lname":"Michel","lname_initial":"M.","date_of_birth":"1965-11-08","email":"pierre.michel@association.fr","age":49},{"id":6,"user_id":6,"description":"Melomane depuis toujours, je recherche actuellement une flûte pour me divertir et divertir les autres en ces temps de fêtes. Merci à tous pour votre aide et merci à la communauté Coud'Pouce.","cash_demand":130,"cash_collected":0,"credits_collected":0,"url":"http://cp-back.herokuapp.com/pots/6.json","fname":"Mickael","lname":"Jouffre","lname_initial":"J.","date_of_birth":"1985-09-12","email":"mickael.jouffre@association.fr","age":29},{"id":7,"user_id":7,"description":"Melomane depuis toujours, je recherche actuellement une flûte pour me divertir et divertir les autres en ces temps de fêtes. Merci à tous pour votre aide et merci à la communauté Coud'Pouce.","cash_demand":80,"cash_collected":0,"credits_collected":0,"url":"http://cp-back.herokuapp.com/pots/7.json","fname":"Margot","lname":"Buche","lname_initial":"B.","date_of_birth":"1987-04-02","email":"margot.buche@association.fr","age":27},{"id":8,"user_id":8,"description":"Melomane depuis toujours, je recherche actuellement une flûte pour me divertir et divertir les autres en ces temps de fêtes. Merci à tous pour votre aide et merci à la communauté Coud'Pouce.","cash_demand":30,"cash_collected":0,"credits_collected":0,"url":"http://cp-back.herokuapp.com/pots/8.json","fname":"Laetitia","lname":"Gruillot","lname_initial":"G.","date_of_birth":"1975-11-10","email":"laetitia.gruillot@association.fr","age":39},{"id":9,"user_id":9,"description":"Melomane depuis toujours, je recherche actuellement une flûte pour me divertir et divertir les autres en ces temps de fêtes. Merci à tous pour votre aide et merci à la communauté Coud'Pouce.","cash_demand":75,"cash_collected":0,"credits_collected":0,"url":"http://cp-back.herokuapp.com/pots/9.json","fname":"Jean-Marc","lname":"Louty","lname_initial":"L.","date_of_birth":"1981-09-12","email":"jean-marc.louty@association.fr","age":33},{"id":2,"user_id":2,"description":"Melomane depuis toujours, je recherche actuellement une flûte pour me divertir et divertir les autres en ces temps de fêtes. Merci à tous pour votre aide et merci à la communauté Coud'Pouce.","cash_demand":100,"cash_collected":15,"credits_collected":0,"url":"http://cp-back.herokuapp.com/pots/2.json","fname":"Etienne","lname":"Luigi","lname_initial":"L.","date_of_birth":"1975-02-01","email":"etienne.luigi@association.fr","age":40}]
2015-02-18 01:18:34.882 Coud'Pouce[7499:1047313] in getpots
2015-02-18 01:23:23.625 Coud'Pouce[7769:1049946] DiskCookieStorage changing policy from 2 to 0, cookie file: file:///Users/timotheemevel/Library/Developer/CoreSimulator/Devices/99527FC7-EBBF-432A-B7D7-F45511CDD4DA/data/Containers/Data/Application/98954CA6-E374-44D0-8DFA-4BA348E0E245/Library/Cookies/Cookies.binarycookies
2015-02-18 01:23:23.713 Coud'Pouce[7769:1049946] Apache Cordova native platform version 3.7.0 is starting.
2015-02-18 01:23:23.714 Coud'Pouce[7769:1049946] Multi-tasking -> Device: YES, App: YES
2015-02-18 01:23:23.715 Coud'Pouce[7769:1049946] Unlimited access to network resources
2015-02-18 01:23:23.718 Coud'Pouce[7769:1049946] 

Started backup to iCloud! Please be careful.
Your application might be rejected by Apple if you store too much data.
For more information please read "iOS Data Storage Guidelines" at:
https://developer.apple.com/icloud/documentation/data-storage/
To disable web storage backup to iCloud, set the BackupWebStorage preference to "local" in the Cordova config.xml file

2015-02-18 01:23:24.103 Coud'Pouce[7769:1049946] Resetting plugins due to page load.
2015-02-18 01:23:24.191 Coud'Pouce[7769:1049946] Finished load of: file:///Users/timotheemevel/Library/Developer/CoreSimulator/Devices/99527FC7-EBBF-432A-B7D7-F45511CDD4DA/data/Containers/Bundle/Application/670AA793-AA73-4CFE-A502-F381949AA967/Coud'Pouce.app/www/index.html
2015-02-18 01:23:25.289 Coud'Pouce[7769:1049946] [{"id":1,"user_id":1,"description":"Je vis dans la rue depuis maintenant 15ans et souhaite simplement quelques vêtements propres et chauds pour passer l'hiver au chaud. Je vous en serais très reconnaissant. Bonne journée à vous.","cash_demand":120,"cash_collected":0,"credits_collected":0,"url":"http://cp-back.herokuapp.com/pots/1.json","fname":"Jack","lname":"Sparrow","lname_initial":"S.","date_of_birth":"1970-01-01","email":"jack.sparrow@association.fr","age":45},{"id":3,"user_id":3,"description":"Melomane depuis toujours, je recherche actuellement une flûte pour me divertir et divertir les autres en ces temps de fêtes. Merci à tous pour votre aide et merci à la communauté Coud'Pouce.","cash_demand":200,"cash_collected":0,"credits_collected":0,"url":"http://cp-back.herokuapp.com/pots/3.json","fname":"Anne","lname":"Rocher","lname_initial":"R.","date_of_birth":"1976-12-10","email":"anne.rocher@association.fr","age":38},{"id":4,"user_id":4,"description":"Melomane depuis toujours, je recherche actuellement une flûte pour me divertir et divertir les autres en ces temps de fêtes. Merci à tous pour votre aide et merci à la communauté Coud'Pouce.","cash_demand":500,"cash_collected":0,"credits_collected":0,"url":"http://cp-back.herokuapp.com/pots/4.json","fname":"Frederic","lname":"Montagne","lname_initial":"M.","date_of_birth":"1983-09-02","email":"frederic.montagne@association.fr","age":31},{"id":5,"user_id":5,"description":"Melomane depuis toujours, je recherche actuellement une flûte pour me divertir et divertir les autres en ces temps de fêtes. Merci à tous pour votre aide et merci à la communauté Coud'Pouce.","cash_demand":300,"cash_collected":0,"credits_collected":0,"url":"http://cp-back.herokuapp.com/pots/5.json","fname":"Pierre","lname":"Michel","lname_initial":"M.","date_of_birth":"1965-11-08","email":"pierre.michel@association.fr","age":49},{"id":6,"user_id":6,"description":"Melomane depuis toujours, je recherche actuellement une flûte pour me divertir et divertir les autres en ces temps de fêtes. Merci à tous pour votre aide et merci à la communauté Coud'Pouce.","cash_demand":130,"cash_collected":0,"credits_collected":0,"url":"http://cp-back.herokuapp.com/pots/6.json","fname":"Mickael","lname":"Jouffre","lname_initial":"J.","date_of_birth":"1985-09-12","email":"mickael.jouffre@association.fr","age":29},{"id":7,"user_id":7,"description":"Melomane depuis toujours, je recherche actuellement une flûte pour me divertir et divertir les autres en ces temps de fêtes. Merci à tous pour votre aide et merci à la communauté Coud'Pouce.","cash_demand":80,"cash_collected":0,"credits_collected":0,"url":"http://cp-back.herokuapp.com/pots/7.json","fname":"Margot","lname":"Buche","lname_initial":"B.","date_of_birth":"1987-04-02","email":"margot.buche@association.fr","age":27},{"id":8,"user_id":8,"description":"Melomane depuis toujours, je recherche actuellement une flûte pour me divertir et divertir les autres en ces temps de fêtes. Merci à tous pour votre aide et merci à la communauté Coud'Pouce.","cash_demand":30,"cash_collected":0,"credits_collected":0,"url":"http://cp-back.herokuapp.com/pots/8.json","fname":"Laetitia","lname":"Gruillot","lname_initial":"G.","date_of_birth":"1975-11-10","email":"laetitia.gruillot@association.fr","age":39},{"id":9,"user_id":9,"description":"Melomane depuis toujours, je recherche actuellement une flûte pour me divertir et divertir les autres en ces temps de fêtes. Merci à tous pour votre aide et merci à la communauté Coud'Pouce.","cash_demand":75,"cash_collected":0,"credits_collected":0,"url":"http://cp-back.herokuapp.com/pots/9.json","fname":"Jean-Marc","lname":"Louty","lname_initial":"L.","date_of_birth":"1981-09-12","email":"jean-marc.louty@association.fr","age":33},{"id":2,"user_id":2,"description":"Melomane depuis toujours, je recherche actuellement une flûte pour me divertir et divertir les autres en ces temps de fêtes. Merci à tous pour votre aide et merci à la communauté Coud'Pouce.","cash_demand":100,"cash_collected":15,"credits_collected":0,"url":"http://cp-back.herokuapp.com/pots/2.json","fname":"Etienne","lname":"Luigi","lname_initial":"L.","date_of_birth":"1975-02-01","email":"etienne.luigi@association.fr","age":40}]
2015-02-18 01:23:29.202 Coud'Pouce[7769:1049946] Resetting plugins due to page load.
2015-02-18 01:23:29.230 Coud'Pouce[7769:1049946] Finished load of: file:///Users/timotheemevel/Library/Developer/CoreSimulator/Devices/99527FC7-EBBF-432A-B7D7-F45511CDD4DA/data/Containers/Bundle/Application/670AA793-AA73-4CFE-A502-F381949AA967/Coud'Pouce.app/www/index.html?#pots
2015-02-18 01:23:30.300 Coud'Pouce[7769:1049946] [{"id":1,"user_id":1,"description":"Je vis dans la rue depuis maintenant 15ans et souhaite simplement quelques vêtements propres et chauds pour passer l'hiver au chaud. Je vous en serais très reconnaissant. Bonne journée à vous.","cash_demand":120,"cash_collected":0,"credits_collected":0,"url":"http://cp-back.herokuapp.com/pots/1.json","fname":"Jack","lname":"Sparrow","lname_initial":"S.","date_of_birth":"1970-01-01","email":"jack.sparrow@association.fr","age":45},{"id":3,"user_id":3,"description":"Melomane depuis toujours, je recherche actuellement une flûte pour me divertir et divertir les autres en ces temps de fêtes. Merci à tous pour votre aide et merci à la communauté Coud'Pouce.","cash_demand":200,"cash_collected":0,"credits_collected":0,"url":"http://cp-back.herokuapp.com/pots/3.json","fname":"Anne","lname":"Rocher","lname_initial":"R.","date_of_birth":"1976-12-10","email":"anne.rocher@association.fr","age":38},{"id":4,"user_id":4,"description":"Melomane depuis toujours, je recherche actuellement une flûte pour me divertir et divertir les autres en ces temps de fêtes. Merci à tous pour votre aide et merci à la communauté Coud'Pouce.","cash_demand":500,"cash_collected":0,"credits_collected":0,"url":"http://cp-back.herokuapp.com/pots/4.json","fname":"Frederic","lname":"Montagne","lname_initial":"M.","date_of_birth":"1983-09-02","email":"frederic.montagne@association.fr","age":31},{"id":5,"user_id":5,"description":"Melomane depuis toujours, je recherche actuellement une flûte pour me divertir et divertir les autres en ces temps de fêtes. Merci à tous pour votre aide et merci à la communauté Coud'Pouce.","cash_demand":300,"cash_collected":0,"credits_collected":0,"url":"http://cp-back.herokuapp.com/pots/5.json","fname":"Pierre","lname":"Michel","lname_initial":"M.","date_of_birth":"1965-11-08","email":"pierre.michel@association.fr","age":49},{"id":6,"user_id":6,"description":"Melomane depuis toujours, je recherche actuellement une flûte pour me divertir et divertir les autres en ces temps de fêtes. Merci à tous pour votre aide et merci à la communauté Coud'Pouce.","cash_demand":130,"cash_collected":0,"credits_collected":0,"url":"http://cp-back.herokuapp.com/pots/6.json","fname":"Mickael","lname":"Jouffre","lname_initial":"J.","date_of_birth":"1985-09-12","email":"mickael.jouffre@association.fr","age":29},{"id":7,"user_id":7,"description":"Melomane depuis toujours, je recherche actuellement une flûte pour me divertir et divertir les autres en ces temps de fêtes. Merci à tous pour votre aide et merci à la communauté Coud'Pouce.","cash_demand":80,"cash_collected":0,"credits_collected":0,"url":"http://cp-back.herokuapp.com/pots/7.json","fname":"Margot","lname":"Buche","lname_initial":"B.","date_of_birth":"1987-04-02","email":"margot.buche@association.fr","age":27},{"id":8,"user_id":8,"description":"Melomane depuis toujours, je recherche actuellement une flûte pour me divertir et divertir les autres en ces temps de fêtes. Merci à tous pour votre aide et merci à la communauté Coud'Pouce.","cash_demand":30,"cash_collected":0,"credits_collected":0,"url":"http://cp-back.herokuapp.com/pots/8.json","fname":"Laetitia","lname":"Gruillot","lname_initial":"G.","date_of_birth":"1975-11-10","email":"laetitia.gruillot@association.fr","age":39},{"id":9,"user_id":9,"description":"Melomane depuis toujours, je recherche actuellement une flûte pour me divertir et divertir les autres en ces temps de fêtes. Merci à tous pour votre aide et merci à la communauté Coud'Pouce.","cash_demand":75,"cash_collected":0,"credits_collected":0,"url":"http://cp-back.herokuapp.com/pots/9.json","fname":"Jean-Marc","lname":"Louty","lname_initial":"L.","date_of_birth":"1981-09-12","email":"jean-marc.louty@association.fr","age":33},{"id":2,"user_id":2,"description":"Melomane depuis toujours, je recherche actuellement une flûte pour me divertir et divertir les autres en ces temps de fêtes. Merci à tous pour votre aide et merci à la communauté Coud'Pouce.","cash_demand":100,"cash_collected":15,"credits_collected":0,"url":"http://cp-back.herokuapp.com/pots/2.json","fname":"Etienne","lname":"Luigi","lname_initial":"L.","date_of_birth":"1975-02-01","email":"etienne.luigi@association.fr","age":40}]
2015-02-18 01:23:30.301 Coud'Pouce[7769:1049946] in getpots
2015-02-18 02:01:39.584 Coud'Pouce[8431:1063546] DiskCookieStorage changing policy from 2 to 0, cookie file: file:///Users/timotheemevel/Library/Developer/CoreSimulator/Devices/99527FC7-EBBF-432A-B7D7-F45511CDD4DA/data/Containers/Data/Application/0FF14E2F-345E-4C97-A12B-31968648AA7F/Library/Cookies/Cookies.binarycookies
2015-02-18 02:01:39.782 Coud'Pouce[8431:1063546] Apache Cordova native platform version 3.7.0 is starting.
2015-02-18 02:01:39.783 Coud'Pouce[8431:1063546] Multi-tasking -> Device: YES, App: YES
2015-02-18 02:01:39.839 Coud'Pouce[8431:1063546] Unlimited access to network resources
2015-02-18 02:01:39.841 Coud'Pouce[8431:1063546] 

Started backup to iCloud! Please be careful.
Your application might be rejected by Apple if you store too much data.
For more information please read "iOS Data Storage Guidelines" at:
https://developer.apple.com/icloud/documentation/data-storage/
To disable web storage backup to iCloud, set the BackupWebStorage preference to "local" in the Cordova config.xml file

2015-02-18 02:01:40.385 Coud'Pouce[8431:1063546] Resetting plugins due to page load.
2015-02-18 02:01:40.639 Coud'Pouce[8431:1063546] Finished load of: file:///Users/timotheemevel/Library/Developer/CoreSimulator/Devices/99527FC7-EBBF-432A-B7D7-F45511CDD4DA/data/Containers/Bundle/Application/700A9825-B37E-4405-86F2-B2CAD731E91D/Coud'Pouce.app/www/index.html
2015-02-18 02:01:41.744 Coud'Pouce[8431:1063546] [{"id":1,"user_id":1,"description":"Je vis dans la rue depuis maintenant 15ans et souhaite simplement quelques vêtements propres et chauds pour passer l'hiver au chaud. Je vous en serais très reconnaissant. Bonne journée à vous.","cash_demand":120,"cash_collected":0,"credits_collected":0,"url":"http://cp-back.herokuapp.com/pots/1.json","fname":"Jack","lname":"Sparrow","lname_initial":"S.","date_of_birth":"1970-01-01","email":"jack.sparrow@association.fr","age":45},{"id":3,"user_id":3,"description":"Melomane depuis toujours, je recherche actuellement une flûte pour me divertir et divertir les autres en ces temps de fêtes. Merci à tous pour votre aide et merci à la communauté Coud'Pouce.","cash_demand":200,"cash_collected":0,"credits_collected":0,"url":"http://cp-back.herokuapp.com/pots/3.json","fname":"Anne","lname":"Rocher","lname_initial":"R.","date_of_birth":"1976-12-10","email":"anne.rocher@association.fr","age":38},{"id":4,"user_id":4,"description":"Melomane depuis toujours, je recherche actuellement une flûte pour me divertir et divertir les autres en ces temps de fêtes. Merci à tous pour votre aide et merci à la communauté Coud'Pouce.","cash_demand":500,"cash_collected":0,"credits_collected":0,"url":"http://cp-back.herokuapp.com/pots/4.json","fname":"Frederic","lname":"Montagne","lname_initial":"M.","date_of_birth":"1983-09-02","email":"frederic.montagne@association.fr","age":31},{"id":5,"user_id":5,"description":"Melomane depuis toujours, je recherche actuellement une flûte pour me divertir et divertir les autres en ces temps de fêtes. Merci à tous pour votre aide et merci à la communauté Coud'Pouce.","cash_demand":300,"cash_collected":0,"credits_collected":0,"url":"http://cp-back.herokuapp.com/pots/5.json","fname":"Pierre","lname":"Michel","lname_initial":"M.","date_of_birth":"1965-11-08","email":"pierre.michel@association.fr","age":49},{"id":6,"user_id":6,"description":"Melomane depuis toujours, je recherche actuellement une flûte pour me divertir et divertir les autres en ces temps de fêtes. Merci à tous pour votre aide et merci à la communauté Coud'Pouce.","cash_demand":130,"cash_collected":0,"credits_collected":0,"url":"http://cp-back.herokuapp.com/pots/6.json","fname":"Mickael","lname":"Jouffre","lname_initial":"J.","date_of_birth":"1985-09-12","email":"mickael.jouffre@association.fr","age":29},{"id":7,"user_id":7,"description":"Melomane depuis toujours, je recherche actuellement une flûte pour me divertir et divertir les autres en ces temps de fêtes. Merci à tous pour votre aide et merci à la communauté Coud'Pouce.","cash_demand":80,"cash_collected":0,"credits_collected":0,"url":"http://cp-back.herokuapp.com/pots/7.json","fname":"Margot","lname":"Buche","lname_initial":"B.","date_of_birth":"1987-04-02","email":"margot.buche@association.fr","age":27},{"id":8,"user_id":8,"description":"Melomane depuis toujours, je recherche actuellement une flûte pour me divertir et divertir les autres en ces temps de fêtes. Merci à tous pour votre aide et merci à la communauté Coud'Pouce.","cash_demand":30,"cash_collected":0,"credits_collected":0,"url":"http://cp-back.herokuapp.com/pots/8.json","fname":"Laetitia","lname":"Gruillot","lname_initial":"G.","date_of_birth":"1975-11-10","email":"laetitia.gruillot@association.fr","age":39},{"id":9,"user_id":9,"description":"Melomane depuis toujours, je recherche actuellement une flûte pour me divertir et divertir les autres en ces temps de fêtes. Merci à tous pour votre aide et merci à la communauté Coud'Pouce.","cash_demand":75,"cash_collected":0,"credits_collected":0,"url":"http://cp-back.herokuapp.com/pots/9.json","fname":"Jean-Marc","lname":"Louty","lname_initial":"L.","date_of_birth":"1981-09-12","email":"jean-marc.louty@association.fr","age":33},{"id":2,"user_id":2,"description":"Melomane depuis toujours, je recherche actuellement une flûte pour me divertir et divertir les autres en ces temps de fêtes. Merci à tous pour votre aide et merci à la communauté Coud'Pouce.","cash_demand":100,"cash_collected":15,"credits_collected":0,"url":"http://cp-back.herokuapp.com/pots/2.json","fname":"Etienne","lname":"Luigi","lname_initial":"L.","date_of_birth":"1975-02-01","email":"etienne.luigi@association.fr","age":40}]
2015-02-18 02:01:41.805 Coud'Pouce[8431:1063546] THREAD WARNING: ['Console'] took '61.588135' ms. Plugin should use a background thread.
2015-02-18 02:04:23.927 Coud'Pouce[8431:1063546] Resetting plugins due to page load.
2015-02-18 02:04:23.963 Coud'Pouce[8431:1063546] Finished load of: file:///Users/timotheemevel/Library/Developer/CoreSimulator/Devices/99527FC7-EBBF-432A-B7D7-F45511CDD4DA/data/Containers/Bundle/Application/700A9825-B37E-4405-86F2-B2CAD731E91D/Coud'Pouce.app/www/index.html?#pots
2015-02-18 02:04:24.972 Coud'Pouce[8431:1063546] [{"id":1,"user_id":1,"description":"Je vis dans la rue depuis maintenant 15ans et souhaite simplement quelques vêtements propres et chauds pour passer l'hiver au chaud. Je vous en serais très reconnaissant. Bonne journée à vous.","cash_demand":120,"cash_collected":0,"credits_collected":0,"url":"http://cp-back.herokuapp.com/pots/1.json","fname":"Jack","lname":"Sparrow","lname_initial":"S.","date_of_birth":"1970-01-01","email":"jack.sparrow@association.fr","age":45},{"id":3,"user_id":3,"description":"Melomane depuis toujours, je recherche actuellement une flûte pour me divertir et divertir les autres en ces temps de fêtes. Merci à tous pour votre aide et merci à la communauté Coud'Pouce.","cash_demand":200,"cash_collected":0,"credits_collected":0,"url":"http://cp-back.herokuapp.com/pots/3.json","fname":"Anne","lname":"Rocher","lname_initial":"R.","date_of_birth":"1976-12-10","email":"anne.rocher@association.fr","age":38},{"id":4,"user_id":4,"description":"Melomane depuis toujours, je recherche actuellement une flûte pour me divertir et divertir les autres en ces temps de fêtes. Merci à tous pour votre aide et merci à la communauté Coud'Pouce.","cash_demand":500,"cash_collected":0,"credits_collected":0,"url":"http://cp-back.herokuapp.com/pots/4.json","fname":"Frederic","lname":"Montagne","lname_initial":"M.","date_of_birth":"1983-09-02","email":"frederic.montagne@association.fr","age":31},{"id":5,"user_id":5,"description":"Melomane depuis toujours, je recherche actuellement une flûte pour me divertir et divertir les autres en ces temps de fêtes. Merci à tous pour votre aide et merci à la communauté Coud'Pouce.","cash_demand":300,"cash_collected":0,"credits_collected":0,"url":"http://cp-back.herokuapp.com/pots/5.json","fname":"Pierre","lname":"Michel","lname_initial":"M.","date_of_birth":"1965-11-08","email":"pierre.michel@association.fr","age":49},{"id":6,"user_id":6,"description":"Melomane depuis toujours, je recherche actuellement une flûte pour me divertir et divertir les autres en ces temps de fêtes. Merci à tous pour votre aide et merci à la communauté Coud'Pouce.","cash_demand":130,"cash_collected":0,"credits_collected":0,"url":"http://cp-back.herokuapp.com/pots/6.json","fname":"Mickael","lname":"Jouffre","lname_initial":"J.","date_of_birth":"1985-09-12","email":"mickael.jouffre@association.fr","age":29},{"id":7,"user_id":7,"description":"Melomane depuis toujours, je recherche actuellement une flûte pour me divertir et divertir les autres en ces temps de fêtes. Merci à tous pour votre aide et merci à la communauté Coud'Pouce.","cash_demand":80,"cash_collected":0,"credits_collected":0,"url":"http://cp-back.herokuapp.com/pots/7.json","fname":"Margot","lname":"Buche","lname_initial":"B.","date_of_birth":"1987-04-02","email":"margot.buche@association.fr","age":27},{"id":8,"user_id":8,"description":"Melomane depuis toujours, je recherche actuellement une flûte pour me divertir et divertir les autres en ces temps de fêtes. Merci à tous pour votre aide et merci à la communauté Coud'Pouce.","cash_demand":30,"cash_collected":0,"credits_collected":0,"url":"http://cp-back.herokuapp.com/pots/8.json","fname":"Laetitia","lname":"Gruillot","lname_initial":"G.","date_of_birth":"1975-11-10","email":"laetitia.gruillot@association.fr","age":39},{"id":9,"user_id":9,"description":"Melomane depuis toujours, je recherche actuellement une flûte pour me divertir et divertir les autres en ces temps de fêtes. Merci à tous pour votre aide et merci à la communauté Coud'Pouce.","cash_demand":75,"cash_collected":0,"credits_collected":0,"url":"http://cp-back.herokuapp.com/pots/9.json","fname":"Jean-Marc","lname":"Louty","lname_initial":"L.","date_of_birth":"1981-09-12","email":"jean-marc.louty@association.fr","age":33},{"id":2,"user_id":2,"description":"Melomane depuis toujours, je recherche actuellement une flûte pour me divertir et divertir les autres en ces temps de fêtes. Merci à tous pour votre aide et merci à la communauté Coud'Pouce.","cash_demand":100,"cash_collected":15,"credits_collected":0,"url":"http://cp-back.herokuapp.com/pots/2.json","fname":"Etienne","lname":"Luigi","lname_initial":"L.","date_of_birth":"1975-02-01","email":"etienne.luigi@association.fr","age":40}]
2015-02-18 02:04:24.973 Coud'Pouce[8431:1063546] in getpots
2015-02-18 02:05:57.952 Coud'Pouce[8708:1066453] DiskCookieStorage changing policy from 2 to 0, cookie file: file:///Users/timotheemevel/Library/Developer/CoreSimulator/Devices/99527FC7-EBBF-432A-B7D7-F45511CDD4DA/data/Containers/Data/Application/6E56557E-CEC6-4AAF-9DD7-9536E4D13F93/Library/Cookies/Cookies.binarycookies
2015-02-18 02:05:58.064 Coud'Pouce[8708:1066453] Apache Cordova native platform version 3.7.0 is starting.
2015-02-18 02:05:58.065 Coud'Pouce[8708:1066453] Multi-tasking -> Device: YES, App: YES
2015-02-18 02:05:58.067 Coud'Pouce[8708:1066453] Unlimited access to network resources
2015-02-18 02:05:58.070 Coud'Pouce[8708:1066453] 

Started backup to iCloud! Please be careful.
Your application might be rejected by Apple if you store too much data.
For more information please read "iOS Data Storage Guidelines" at:
https://developer.apple.com/icloud/documentation/data-storage/
To disable web storage backup to iCloud, set the BackupWebStorage preference to "local" in the Cordova config.xml file

2015-02-18 02:05:58.378 Coud'Pouce[8708:1066453] Resetting plugins due to page load.
2015-02-18 02:05:58.471 Coud'Pouce[8708:1066453] Finished load of: file:///Users/timotheemevel/Library/Developer/CoreSimulator/Devices/99527FC7-EBBF-432A-B7D7-F45511CDD4DA/data/Containers/Bundle/Application/7BD749DA-57CC-4E8F-8A4F-248C75125913/Coud'Pouce.app/www/index.html
2015-02-18 02:05:59.495 Coud'Pouce[8708:1066453] [{"id":1,"user_id":1,"description":"Je vis dans la rue depuis maintenant 15ans et souhaite simplement quelques vêtements propres et chauds pour passer l'hiver au chaud. Je vous en serais très reconnaissant. Bonne journée à vous.","cash_demand":120,"cash_collected":0,"credits_collected":0,"url":"http://cp-back.herokuapp.com/pots/1.json","fname":"Jack","lname":"Sparrow","lname_initial":"S.","date_of_birth":"1970-01-01","email":"jack.sparrow@association.fr","age":45},{"id":3,"user_id":3,"description":"Melomane depuis toujours, je recherche actuellement une flûte pour me divertir et divertir les autres en ces temps de fêtes. Merci à tous pour votre aide et merci à la communauté Coud'Pouce.","cash_demand":200,"cash_collected":0,"credits_collected":0,"url":"http://cp-back.herokuapp.com/pots/3.json","fname":"Anne","lname":"Rocher","lname_initial":"R.","date_of_birth":"1976-12-10","email":"anne.rocher@association.fr","age":38},{"id":4,"user_id":4,"description":"Melomane depuis toujours, je recherche actuellement une flûte pour me divertir et divertir les autres en ces temps de fêtes. Merci à tous pour votre aide et merci à la communauté Coud'Pouce.","cash_demand":500,"cash_collected":0,"credits_collected":0,"url":"http://cp-back.herokuapp.com/pots/4.json","fname":"Frederic","lname":"Montagne","lname_initial":"M.","date_of_birth":"1983-09-02","email":"frederic.montagne@association.fr","age":31},{"id":5,"user_id":5,"description":"Melomane depuis toujours, je recherche actuellement une flûte pour me divertir et divertir les autres en ces temps de fêtes. Merci à tous pour votre aide et merci à la communauté Coud'Pouce.","cash_demand":300,"cash_collected":0,"credits_collected":0,"url":"http://cp-back.herokuapp.com/pots/5.json","fname":"Pierre","lname":"Michel","lname_initial":"M.","date_of_birth":"1965-11-08","email":"pierre.michel@association.fr","age":49},{"id":6,"user_id":6,"description":"Melomane depuis toujours, je recherche actuellement une flûte pour me divertir et divertir les autres en ces temps de fêtes. Merci à tous pour votre aide et merci à la communauté Coud'Pouce.","cash_demand":130,"cash_collected":0,"credits_collected":0,"url":"http://cp-back.herokuapp.com/pots/6.json","fname":"Mickael","lname":"Jouffre","lname_initial":"J.","date_of_birth":"1985-09-12","email":"mickael.jouffre@association.fr","age":29},{"id":7,"user_id":7,"description":"Melomane depuis toujours, je recherche actuellement une flûte pour me divertir et divertir les autres en ces temps de fêtes. Merci à tous pour votre aide et merci à la communauté Coud'Pouce.","cash_demand":80,"cash_collected":0,"credits_collected":0,"url":"http://cp-back.herokuapp.com/pots/7.json","fname":"Margot","lname":"Buche","lname_initial":"B.","date_of_birth":"1987-04-02","email":"margot.buche@association.fr","age":27},{"id":8,"user_id":8,"description":"Melomane depuis toujours, je recherche actuellement une flûte pour me divertir et divertir les autres en ces temps de fêtes. Merci à tous pour votre aide et merci à la communauté Coud'Pouce.","cash_demand":30,"cash_collected":0,"credits_collected":0,"url":"http://cp-back.herokuapp.com/pots/8.json","fname":"Laetitia","lname":"Gruillot","lname_initial":"G.","date_of_birth":"1975-11-10","email":"laetitia.gruillot@association.fr","age":39},{"id":9,"user_id":9,"description":"Melomane depuis toujours, je recherche actuellement une flûte pour me divertir et divertir les autres en ces temps de fêtes. Merci à tous pour votre aide et merci à la communauté Coud'Pouce.","cash_demand":75,"cash_collected":0,"credits_collected":0,"url":"http://cp-back.herokuapp.com/pots/9.json","fname":"Jean-Marc","lname":"Louty","lname_initial":"L.","date_of_birth":"1981-09-12","email":"jean-marc.louty@association.fr","age":33},{"id":2,"user_id":2,"description":"Melomane depuis toujours, je recherche actuellement une flûte pour me divertir et divertir les autres en ces temps de fêtes. Merci à tous pour votre aide et merci à la communauté Coud'Pouce.","cash_demand":100,"cash_collected":15,"credits_collected":0,"url":"http://cp-back.herokuapp.com/pots/2.json","fname":"Etienne","lname":"Luigi","lname_initial":"L.","date_of_birth":"1975-02-01","email":"etienne.luigi@association.fr","age":40}]
2015-02-18 02:06:02.379 Coud'Pouce[8708:1066453] Resetting plugins due to page load.
2015-02-18 02:06:02.408 Coud'Pouce[8708:1066453] Finished load of: file:///Users/timotheemevel/Library/Developer/CoreSimulator/Devices/99527FC7-EBBF-432A-B7D7-F45511CDD4DA/data/Containers/Bundle/Application/7BD749DA-57CC-4E8F-8A4F-248C75125913/Coud'Pouce.app/www/index.html?#pots
2015-02-18 02:06:03.408 Coud'Pouce[8708:1066453] [{"id":1,"user_id":1,"description":"Je vis dans la rue depuis maintenant 15ans et souhaite simplement quelques vêtements propres et chauds pour passer l'hiver au chaud. Je vous en serais très reconnaissant. Bonne journée à vous.","cash_demand":120,"cash_collected":0,"credits_collected":0,"url":"http://cp-back.herokuapp.com/pots/1.json","fname":"Jack","lname":"Sparrow","lname_initial":"S.","date_of_birth":"1970-01-01","email":"jack.sparrow@association.fr","age":45},{"id":3,"user_id":3,"description":"Melomane depuis toujours, je recherche actuellement une flûte pour me divertir et divertir les autres en ces temps de fêtes. Merci à tous pour votre aide et merci à la communauté Coud'Pouce.","cash_demand":200,"cash_collected":0,"credits_collected":0,"url":"http://cp-back.herokuapp.com/pots/3.json","fname":"Anne","lname":"Rocher","lname_initial":"R.","date_of_birth":"1976-12-10","email":"anne.rocher@association.fr","age":38},{"id":4,"user_id":4,"description":"Melomane depuis toujours, je recherche actuellement une flûte pour me divertir et divertir les autres en ces temps de fêtes. Merci à tous pour votre aide et merci à la communauté Coud'Pouce.","cash_demand":500,"cash_collected":0,"credits_collected":0,"url":"http://cp-back.herokuapp.com/pots/4.json","fname":"Frederic","lname":"Montagne","lname_initial":"M.","date_of_birth":"1983-09-02","email":"frederic.montagne@association.fr","age":31},{"id":5,"user_id":5,"description":"Melomane depuis toujours, je recherche actuellement une flûte pour me divertir et divertir les autres en ces temps de fêtes. Merci à tous pour votre aide et merci à la communauté Coud'Pouce.","cash_demand":300,"cash_collected":0,"credits_collected":0,"url":"http://cp-back.herokuapp.com/pots/5.json","fname":"Pierre","lname":"Michel","lname_initial":"M.","date_of_birth":"1965-11-08","email":"pierre.michel@association.fr","age":49},{"id":6,"user_id":6,"description":"Melomane depuis toujours, je recherche actuellement une flûte pour me divertir et divertir les autres en ces temps de fêtes. Merci à tous pour votre aide et merci à la communauté Coud'Pouce.","cash_demand":130,"cash_collected":0,"credits_collected":0,"url":"http://cp-back.herokuapp.com/pots/6.json","fname":"Mickael","lname":"Jouffre","lname_initial":"J.","date_of_birth":"1985-09-12","email":"mickael.jouffre@association.fr","age":29},{"id":7,"user_id":7,"description":"Melomane depuis toujours, je recherche actuellement une flûte pour me divertir et divertir les autres en ces temps de fêtes. Merci à tous pour votre aide et merci à la communauté Coud'Pouce.","cash_demand":80,"cash_collected":0,"credits_collected":0,"url":"http://cp-back.herokuapp.com/pots/7.json","fname":"Margot","lname":"Buche","lname_initial":"B.","date_of_birth":"1987-04-02","email":"margot.buche@association.fr","age":27},{"id":8,"user_id":8,"description":"Melomane depuis toujours, je recherche actuellement une flûte pour me divertir et divertir les autres en ces temps de fêtes. Merci à tous pour votre aide et merci à la communauté Coud'Pouce.","cash_demand":30,"cash_collected":0,"credits_collected":0,"url":"http://cp-back.herokuapp.com/pots/8.json","fname":"Laetitia","lname":"Gruillot","lname_initial":"G.","date_of_birth":"1975-11-10","email":"laetitia.gruillot@association.fr","age":39},{"id":9,"user_id":9,"description":"Melomane depuis toujours, je recherche actuellement une flûte pour me divertir et divertir les autres en ces temps de fêtes. Merci à tous pour votre aide et merci à la communauté Coud'Pouce.","cash_demand":75,"cash_collected":0,"credits_collected":0,"url":"http://cp-back.herokuapp.com/pots/9.json","fname":"Jean-Marc","lname":"Louty","lname_initial":"L.","date_of_birth":"1981-09-12","email":"jean-marc.louty@association.fr","age":33},{"id":2,"user_id":2,"description":"Melomane depuis toujours, je recherche actuellement une flûte pour me divertir et divertir les autres en ces temps de fêtes. Merci à tous pour votre aide et merci à la communauté Coud'Pouce.","cash_demand":100,"cash_collected":15,"credits_collected":0,"url":"http://cp-back.herokuapp.com/pots/2.json","fname":"Etienne","lname":"Luigi","lname_initial":"L.","date_of_birth":"1975-02-01","email":"etienne.luigi@association.fr","age":40}]
2015-02-18 02:06:03.409 Coud'Pouce[8708:1066453] in getpots
